<?xml version="1.0" encoding="UTF-8"?>
<testsuite xmlns:xsi="http://www.w3.org/2001/XMLSchema-instance" xsi:noNamespaceSchemaLocation="https://maven.apache.org/surefire/maven-surefire-plugin/xsd/surefire-test-report.xsd" name="com.service.javaserializerservice.JavaGeneratorServiceApplicationTests" time="2.665" tests="1" errors="0" skipped="0" failures="0">
  <properties>
    <property name="sun.desktop" value="gnome"/>
    <property name="awt.toolkit" value="sun.awt.X11.XToolkit"/>
    <property name="java.specification.version" value="11"/>
    <property name="sun.cpu.isalist" value=""/>
    <property name="sun.jnu.encoding" value="UTF-8"/>
    <property name="java.class.path" value="/home/mrashikh/Workspace/java-serializer-service/target/test-classes:/home/mrashikh/Workspace/java-serializer-service/target/classes:/home/mrashikh/.m2/repository/org/springframework/boot/spring-boot-starter-web/2.7.0/spring-boot-starter-web-2.7.0.jar:/home/mrashikh/.m2/repository/org/springframework/boot/spring-boot-starter/2.7.0/spring-boot-starter-2.7.0.jar:/home/mrashikh/.m2/repository/org/springframework/boot/spring-boot/2.7.0/spring-boot-2.7.0.jar:/home/mrashikh/.m2/repository/org/springframework/boot/spring-boot-autoconfigure/2.7.0/spring-boot-autoconfigure-2.7.0.jar:/home/mrashikh/.m2/repository/org/springframework/boot/spring-boot-starter-logging/2.7.0/spring-boot-starter-logging-2.7.0.jar:/home/mrashikh/.m2/repository/ch/qos/logback/logback-classic/1.2.11/logback-classic-1.2.11.jar:/home/mrashikh/.m2/repository/ch/qos/logback/logback-core/1.2.11/logback-core-1.2.11.jar:/home/mrashikh/.m2/repository/org/apache/logging/log4j/log4j-to-slf4j/2.17.2/log4j-to-slf4j-2.17.2.jar:/home/mrashikh/.m2/repository/org/apache/logging/log4j/log4j-api/2.17.2/log4j-api-2.17.2.jar:/home/mrashikh/.m2/repository/org/slf4j/jul-to-slf4j/1.7.36/jul-to-slf4j-1.7.36.jar:/home/mrashikh/.m2/repository/jakarta/annotation/jakarta.annotation-api/1.3.5/jakarta.annotation-api-1.3.5.jar:/home/mrashikh/.m2/repository/org/yaml/snakeyaml/1.30/snakeyaml-1.30.jar:/home/mrashikh/.m2/repository/org/springframework/boot/spring-boot-starter-json/2.7.0/spring-boot-starter-json-2.7.0.jar:/home/mrashikh/.m2/repository/com/fasterxml/jackson/datatype/jackson-datatype-jdk8/2.13.3/jackson-datatype-jdk8-2.13.3.jar:/home/mrashikh/.m2/repository/com/fasterxml/jackson/datatype/jackson-datatype-jsr310/2.13.3/jackson-datatype-jsr310-2.13.3.jar:/home/mrashikh/.m2/repository/com/fasterxml/jackson/module/jackson-module-parameter-names/2.13.3/jackson-module-parameter-names-2.13.3.jar:/home/mrashikh/.m2/repository/org/springframework/boot/spring-boot-starter-tomcat/2.7.0/spring-boot-starter-tomcat-2.7.0.jar:/home/mrashikh/.m2/repository/org/apache/tomcat/embed/tomcat-embed-core/9.0.63/tomcat-embed-core-9.0.63.jar:/home/mrashikh/.m2/repository/org/apache/tomcat/embed/tomcat-embed-el/9.0.63/tomcat-embed-el-9.0.63.jar:/home/mrashikh/.m2/repository/org/apache/tomcat/embed/tomcat-embed-websocket/9.0.63/tomcat-embed-websocket-9.0.63.jar:/home/mrashikh/.m2/repository/org/springframework/spring-web/5.3.20/spring-web-5.3.20.jar:/home/mrashikh/.m2/repository/org/springframework/spring-beans/5.3.20/spring-beans-5.3.20.jar:/home/mrashikh/.m2/repository/org/springframework/spring-webmvc/5.3.20/spring-webmvc-5.3.20.jar:/home/mrashikh/.m2/repository/org/springframework/spring-aop/5.3.20/spring-aop-5.3.20.jar:/home/mrashikh/.m2/repository/org/springframework/spring-context/5.3.20/spring-context-5.3.20.jar:/home/mrashikh/.m2/repository/org/springframework/spring-expression/5.3.20/spring-expression-5.3.20.jar:/home/mrashikh/.m2/repository/org/springframework/boot/spring-boot-starter-test/2.7.0/spring-boot-starter-test-2.7.0.jar:/home/mrashikh/.m2/repository/org/springframework/boot/spring-boot-test/2.7.0/spring-boot-test-2.7.0.jar:/home/mrashikh/.m2/repository/org/springframework/boot/spring-boot-test-autoconfigure/2.7.0/spring-boot-test-autoconfigure-2.7.0.jar:/home/mrashikh/.m2/repository/com/jayway/jsonpath/json-path/2.7.0/json-path-2.7.0.jar:/home/mrashikh/.m2/repository/net/minidev/json-smart/2.4.8/json-smart-2.4.8.jar:/home/mrashikh/.m2/repository/net/minidev/accessors-smart/2.4.8/accessors-smart-2.4.8.jar:/home/mrashikh/.m2/repository/org/ow2/asm/asm/9.1/asm-9.1.jar:/home/mrashikh/.m2/repository/jakarta/xml/bind/jakarta.xml.bind-api/2.3.3/jakarta.xml.bind-api-2.3.3.jar:/home/mrashikh/.m2/repository/jakarta/activation/jakarta.activation-api/1.2.2/jakarta.activation-api-1.2.2.jar:/home/mrashikh/.m2/repository/org/assertj/assertj-core/3.22.0/assertj-core-3.22.0.jar:/home/mrashikh/.m2/repository/org/hamcrest/hamcrest/2.2/hamcrest-2.2.jar:/home/mrashikh/.m2/repository/org/junit/jupiter/junit-jupiter/5.8.2/junit-jupiter-5.8.2.jar:/home/mrashikh/.m2/repository/org/junit/jupiter/junit-jupiter-api/5.8.2/junit-jupiter-api-5.8.2.jar:/home/mrashikh/.m2/repository/org/opentest4j/opentest4j/1.2.0/opentest4j-1.2.0.jar:/home/mrashikh/.m2/repository/org/junit/platform/junit-platform-commons/1.8.2/junit-platform-commons-1.8.2.jar:/home/mrashikh/.m2/repository/org/apiguardian/apiguardian-api/1.1.2/apiguardian-api-1.1.2.jar:/home/mrashikh/.m2/repository/org/junit/jupiter/junit-jupiter-params/5.8.2/junit-jupiter-params-5.8.2.jar:/home/mrashikh/.m2/repository/org/junit/jupiter/junit-jupiter-engine/5.8.2/junit-jupiter-engine-5.8.2.jar:/home/mrashikh/.m2/repository/org/junit/platform/junit-platform-engine/1.8.2/junit-platform-engine-1.8.2.jar:/home/mrashikh/.m2/repository/org/mockito/mockito-core/4.5.1/mockito-core-4.5.1.jar:/home/mrashikh/.m2/repository/net/bytebuddy/byte-buddy/1.12.10/byte-buddy-1.12.10.jar:/home/mrashikh/.m2/repository/net/bytebuddy/byte-buddy-agent/1.12.10/byte-buddy-agent-1.12.10.jar:/home/mrashikh/.m2/repository/org/objenesis/objenesis/3.2/objenesis-3.2.jar:/home/mrashikh/.m2/repository/org/mockito/mockito-junit-jupiter/4.5.1/mockito-junit-jupiter-4.5.1.jar:/home/mrashikh/.m2/repository/org/skyscreamer/jsonassert/1.5.0/jsonassert-1.5.0.jar:/home/mrashikh/.m2/repository/com/vaadin/external/google/android-json/0.0.20131108.vaadin1/android-json-0.0.20131108.vaadin1.jar:/home/mrashikh/.m2/repository/org/springframework/spring-core/5.3.20/spring-core-5.3.20.jar:/home/mrashikh/.m2/repository/org/springframework/spring-jcl/5.3.20/spring-jcl-5.3.20.jar:/home/mrashikh/.m2/repository/org/springframework/spring-test/5.3.20/spring-test-5.3.20.jar:/home/mrashikh/.m2/repository/org/xmlunit/xmlunit-core/2.9.0/xmlunit-core-2.9.0.jar:/home/mrashikh/.m2/repository/io/admin-shell/aas/dataformat-core/1.2.1/dataformat-core-1.2.1.jar:/home/mrashikh/.m2/repository/io/admin-shell/aas/model/1.2.0/model-1.2.0.jar:/home/mrashikh/.m2/repository/com/mycila/license-maven-plugin/4.1/license-maven-plugin-4.1.jar:/home/mrashikh/.m2/repository/org/apache/maven/maven-plugin-api/3.6.3/maven-plugin-api-3.6.3.jar:/home/mrashikh/.m2/repository/org/apache/maven/maven-model/3.6.3/maven-model-3.6.3.jar:/home/mrashikh/.m2/repository/org/apache/maven/maven-artifact/3.6.3/maven-artifact-3.6.3.jar:/home/mrashikh/.m2/repository/org/eclipse/sisu/org.eclipse.sisu.plexus/0.3.4/org.eclipse.sisu.plexus-0.3.4.jar:/home/mrashikh/.m2/repository/javax/enterprise/cdi-api/1.0/cdi-api-1.0.jar:/home/mrashikh/.m2/repository/javax/annotation/jsr250-api/1.0/jsr250-api-1.0.jar:/home/mrashikh/.m2/repository/org/codehaus/plexus/plexus-utils/3.2.1/plexus-utils-3.2.1.jar:/home/mrashikh/.m2/repository/org/codehaus/plexus/plexus-classworlds/2.6.0/plexus-classworlds-2.6.0.jar:/home/mrashikh/.m2/repository/org/apache/maven/maven-core/3.6.3/maven-core-3.6.3.jar:/home/mrashikh/.m2/repository/org/apache/maven/maven-settings/3.6.3/maven-settings-3.6.3.jar:/home/mrashikh/.m2/repository/org/apache/maven/maven-settings-builder/3.6.3/maven-settings-builder-3.6.3.jar:/home/mrashikh/.m2/repository/org/codehaus/plexus/plexus-interpolation/1.25/plexus-interpolation-1.25.jar:/home/mrashikh/.m2/repository/org/sonatype/plexus/plexus-sec-dispatcher/1.4/plexus-sec-dispatcher-1.4.jar:/home/mrashikh/.m2/repository/org/sonatype/plexus/plexus-cipher/1.4/plexus-cipher-1.4.jar:/home/mrashikh/.m2/repository/org/apache/maven/maven-builder-support/3.6.3/maven-builder-support-3.6.3.jar:/home/mrashikh/.m2/repository/org/apache/maven/maven-repository-metadata/3.6.3/maven-repository-metadata-3.6.3.jar:/home/mrashikh/.m2/repository/org/apache/maven/maven-model-builder/3.6.3/maven-model-builder-3.6.3.jar:/home/mrashikh/.m2/repository/org/apache/maven/maven-resolver-provider/3.6.3/maven-resolver-provider-3.6.3.jar:/home/mrashikh/.m2/repository/org/apache/maven/resolver/maven-resolver-impl/1.4.1/maven-resolver-impl-1.4.1.jar:/home/mrashikh/.m2/repository/org/apache/maven/resolver/maven-resolver-api/1.4.1/maven-resolver-api-1.4.1.jar:/home/mrashikh/.m2/repository/org/apache/maven/resolver/maven-resolver-spi/1.4.1/maven-resolver-spi-1.4.1.jar:/home/mrashikh/.m2/repository/org/apache/maven/resolver/maven-resolver-util/1.4.1/maven-resolver-util-1.4.1.jar:/home/mrashikh/.m2/repository/org/eclipse/sisu/org.eclipse.sisu.inject/0.3.4/org.eclipse.sisu.inject-0.3.4.jar:/home/mrashikh/.m2/repository/com/google/inject/guice/4.2.1/guice-4.2.1-no_aop.jar:/home/mrashikh/.m2/repository/aopalliance/aopalliance/1.0/aopalliance-1.0.jar:/home/mrashikh/.m2/repository/javax/inject/javax.inject/1/javax.inject-1.jar:/home/mrashikh/.m2/repository/org/codehaus/plexus/plexus-component-annotations/2.1.0/plexus-component-annotations-2.1.0.jar:/home/mrashikh/.m2/repository/org/apache/maven/shared/maven-shared-utils/3.3.3/maven-shared-utils-3.3.3.jar:/home/mrashikh/.m2/repository/com/mycila/mycila-xmltool/4.4.ga/mycila-xmltool-4.4.ga.jar:/home/mrashikh/.m2/repository/org/apache/commons/commons-pool2/2.11.1/commons-pool2-2.11.1.jar:/home/mrashikh/.m2/repository/com/fasterxml/jackson/core/jackson-annotations/2.13.3/jackson-annotations-2.13.3.jar:/home/mrashikh/.m2/repository/com/fasterxml/jackson/core/jackson-databind/2.13.3/jackson-databind-2.13.3.jar:/home/mrashikh/.m2/repository/com/fasterxml/jackson/core/jackson-core/2.13.3/jackson-core-2.13.3.jar:/home/mrashikh/.m2/repository/io/github/classgraph/classgraph/4.8.109/classgraph-4.8.109.jar:/home/mrashikh/.m2/repository/com/google/guava/guava/30.1.1-jre/guava-30.1.1-jre.jar:/home/mrashikh/.m2/repository/com/google/guava/failureaccess/1.0.1/failureaccess-1.0.1.jar:/home/mrashikh/.m2/repository/com/google/guava/listenablefuture/9999.0-empty-to-avoid-conflict-with-guava/listenablefuture-9999.0-empty-to-avoid-conflict-with-guava.jar:/home/mrashikh/.m2/repository/com/google/code/findbugs/jsr305/3.0.2/jsr305-3.0.2.jar:/home/mrashikh/.m2/repository/org/checkerframework/checker-qual/3.8.0/checker-qual-3.8.0.jar:/home/mrashikh/.m2/repository/com/google/errorprone/error_prone_annotations/2.5.1/error_prone_annotations-2.5.1.jar:/home/mrashikh/.m2/repository/com/google/j2objc/j2objc-annotations/1.3/j2objc-annotations-1.3.jar:/home/mrashikh/.m2/repository/org/apache/commons/commons-lang3/3.12.0/commons-lang3-3.12.0.jar:/home/mrashikh/.m2/repository/org/slf4j/slf4j-api/1.7.36/slf4j-api-1.7.36.jar:/home/mrashikh/.m2/repository/org/slf4j/slf4j-simple/1.7.36/slf4j-simple-1.7.36.jar:/home/mrashikh/.m2/repository/io/admin-shell/aas/dataformat-json/1.2.1/dataformat-json-1.2.1.jar:/home/mrashikh/.m2/repository/com/networknt/json-schema-validator/1.0.56/json-schema-validator-1.0.56.jar:/home/mrashikh/.m2/repository/io/admin-shell/aas/dataformat-rdf/1.2.1/dataformat-rdf-1.2.1.jar:/home/mrashikh/.m2/repository/org/apache/jena/jena-arq/4.1.0/jena-arq-4.1.0.jar:/home/mrashikh/.m2/repository/org/apache/jena/jena-core/4.1.0/jena-core-4.1.0.jar:/home/mrashikh/.m2/repository/org/apache/jena/jena-base/4.1.0/jena-base-4.1.0.jar:/home/mrashikh/.m2/repository/org/apache/jena/jena-shaded-guava/4.1.0/jena-shaded-guava-4.1.0.jar:/home/mrashikh/.m2/repository/org/apache/commons/commons-csv/1.8/commons-csv-1.8.jar:/home/mrashikh/.m2/repository/com/github/andrewoma/dexx/collection/0.7/collection-0.7.jar:/home/mrashikh/.m2/repository/org/apache/jena/jena-iri/4.1.0/jena-iri-4.1.0.jar:/home/mrashikh/.m2/repository/commons-cli/commons-cli/1.4/commons-cli-1.4.jar:/home/mrashikh/.m2/repository/org/apache/httpcomponents/httpclient/4.5.13/httpclient-4.5.13.jar:/home/mrashikh/.m2/repository/org/apache/httpcomponents/httpcore/4.4.15/httpcore-4.4.15.jar:/home/mrashikh/.m2/repository/com/github/jsonld-java/jsonld-java/0.13.3/jsonld-java-0.13.3.jar:/home/mrashikh/.m2/repository/org/apache/httpcomponents/httpclient-cache/4.5.13/httpclient-cache-4.5.13.jar:/home/mrashikh/.m2/repository/org/apache/thrift/libthrift/0.14.1/libthrift-0.14.1.jar:/home/mrashikh/.m2/repository/javax/annotation/javax.annotation-api/1.3.2/javax.annotation-api-1.3.2.jar:/home/mrashikh/.m2/repository/org/slf4j/jcl-over-slf4j/1.7.36/jcl-over-slf4j-1.7.36.jar:/home/mrashikh/.m2/repository/io/admin-shell/aas/dataformat-aasx/1.2.1/dataformat-aasx-1.2.1.jar:/home/mrashikh/.m2/repository/io/admin-shell/aas/dataformat-xml/1.2.1/dataformat-xml-1.2.1.jar:/home/mrashikh/.m2/repository/com/fasterxml/jackson/dataformat/jackson-dataformat-xml/2.13.3/jackson-dataformat-xml-2.13.3.jar:/home/mrashikh/.m2/repository/org/codehaus/woodstox/stax2-api/4.2.1/stax2-api-4.2.1.jar:/home/mrashikh/.m2/repository/com/fasterxml/woodstox/woodstox-core/6.2.7/woodstox-core-6.2.7.jar:/home/mrashikh/.m2/repository/org/apache/poi/poi-ooxml/4.1.2/poi-ooxml-4.1.2.jar:/home/mrashikh/.m2/repository/org/apache/poi/poi/4.1.2/poi-4.1.2.jar:/home/mrashikh/.m2/repository/commons-codec/commons-codec/1.15/commons-codec-1.15.jar:/home/mrashikh/.m2/repository/org/apache/commons/commons-collections4/4.4/commons-collections4-4.4.jar:/home/mrashikh/.m2/repository/org/apache/commons/commons-math3/3.6.1/commons-math3-3.6.1.jar:/home/mrashikh/.m2/repository/com/zaxxer/SparseBitSet/1.2/SparseBitSet-1.2.jar:/home/mrashikh/.m2/repository/org/apache/poi/poi-ooxml-schemas/4.1.2/poi-ooxml-schemas-4.1.2.jar:/home/mrashikh/.m2/repository/org/apache/xmlbeans/xmlbeans/3.1.0/xmlbeans-3.1.0.jar:/home/mrashikh/.m2/repository/org/apache/commons/commons-compress/1.19/commons-compress-1.19.jar:/home/mrashikh/.m2/repository/com/github/virtuald/curvesapi/1.06/curvesapi-1.06.jar:/home/mrashikh/.m2/repository/commons-io/commons-io/2.6/commons-io-2.6.jar:"/>
    <property name="java.vm.vendor" value="Private Build"/>
    <property name="sun.arch.data.model" value="64"/>
    <property name="java.vendor.url" value="Unknown"/>
    <property name="user.timezone" value=""/>
    <property name="java.vm.specification.version" value="11"/>
    <property name="os.name" value="Linux"/>
    <property name="sun.java.launcher" value="SUN_STANDARD"/>
    <property name="user.country" value="US"/>
    <property name="sun.boot.library.path" value="/usr/lib/jvm/java-11-openjdk-amd64/lib"/>
    <property name="sun.java.command" value="/home/mrashikh/Workspace/java-serializer-service/target/surefire/surefirebooter12621220508559998955.jar /home/mrashikh/Workspace/java-serializer-service/target/surefire 2022-06-28T13-05-29_560-jvmRun1 surefire13341261424190281762tmp surefire_018239260551591879018tmp"/>
    <property name="jdk.debug" value="release"/>
    <property name="surefire.test.class.path" value="/home/mrashikh/Workspace/java-serializer-service/target/test-classes:/home/mrashikh/Workspace/java-serializer-service/target/classes:/home/mrashikh/.m2/repository/org/springframework/boot/spring-boot-starter-web/2.7.0/spring-boot-starter-web-2.7.0.jar:/home/mrashikh/.m2/repository/org/springframework/boot/spring-boot-starter/2.7.0/spring-boot-starter-2.7.0.jar:/home/mrashikh/.m2/repository/org/springframework/boot/spring-boot/2.7.0/spring-boot-2.7.0.jar:/home/mrashikh/.m2/repository/org/springframework/boot/spring-boot-autoconfigure/2.7.0/spring-boot-autoconfigure-2.7.0.jar:/home/mrashikh/.m2/repository/org/springframework/boot/spring-boot-starter-logging/2.7.0/spring-boot-starter-logging-2.7.0.jar:/home/mrashikh/.m2/repository/ch/qos/logback/logback-classic/1.2.11/logback-classic-1.2.11.jar:/home/mrashikh/.m2/repository/ch/qos/logback/logback-core/1.2.11/logback-core-1.2.11.jar:/home/mrashikh/.m2/repository/org/apache/logging/log4j/log4j-to-slf4j/2.17.2/log4j-to-slf4j-2.17.2.jar:/home/mrashikh/.m2/repository/org/apache/logging/log4j/log4j-api/2.17.2/log4j-api-2.17.2.jar:/home/mrashikh/.m2/repository/org/slf4j/jul-to-slf4j/1.7.36/jul-to-slf4j-1.7.36.jar:/home/mrashikh/.m2/repository/jakarta/annotation/jakarta.annotation-api/1.3.5/jakarta.annotation-api-1.3.5.jar:/home/mrashikh/.m2/repository/org/yaml/snakeyaml/1.30/snakeyaml-1.30.jar:/home/mrashikh/.m2/repository/org/springframework/boot/spring-boot-starter-json/2.7.0/spring-boot-starter-json-2.7.0.jar:/home/mrashikh/.m2/repository/com/fasterxml/jackson/datatype/jackson-datatype-jdk8/2.13.3/jackson-datatype-jdk8-2.13.3.jar:/home/mrashikh/.m2/repository/com/fasterxml/jackson/datatype/jackson-datatype-jsr310/2.13.3/jackson-datatype-jsr310-2.13.3.jar:/home/mrashikh/.m2/repository/com/fasterxml/jackson/module/jackson-module-parameter-names/2.13.3/jackson-module-parameter-names-2.13.3.jar:/home/mrashikh/.m2/repository/org/springframework/boot/spring-boot-starter-tomcat/2.7.0/spring-boot-starter-tomcat-2.7.0.jar:/home/mrashikh/.m2/repository/org/apache/tomcat/embed/tomcat-embed-core/9.0.63/tomcat-embed-core-9.0.63.jar:/home/mrashikh/.m2/repository/org/apache/tomcat/embed/tomcat-embed-el/9.0.63/tomcat-embed-el-9.0.63.jar:/home/mrashikh/.m2/repository/org/apache/tomcat/embed/tomcat-embed-websocket/9.0.63/tomcat-embed-websocket-9.0.63.jar:/home/mrashikh/.m2/repository/org/springframework/spring-web/5.3.20/spring-web-5.3.20.jar:/home/mrashikh/.m2/repository/org/springframework/spring-beans/5.3.20/spring-beans-5.3.20.jar:/home/mrashikh/.m2/repository/org/springframework/spring-webmvc/5.3.20/spring-webmvc-5.3.20.jar:/home/mrashikh/.m2/repository/org/springframework/spring-aop/5.3.20/spring-aop-5.3.20.jar:/home/mrashikh/.m2/repository/org/springframework/spring-context/5.3.20/spring-context-5.3.20.jar:/home/mrashikh/.m2/repository/org/springframework/spring-expression/5.3.20/spring-expression-5.3.20.jar:/home/mrashikh/.m2/repository/org/springframework/boot/spring-boot-starter-test/2.7.0/spring-boot-starter-test-2.7.0.jar:/home/mrashikh/.m2/repository/org/springframework/boot/spring-boot-test/2.7.0/spring-boot-test-2.7.0.jar:/home/mrashikh/.m2/repository/org/springframework/boot/spring-boot-test-autoconfigure/2.7.0/spring-boot-test-autoconfigure-2.7.0.jar:/home/mrashikh/.m2/repository/com/jayway/jsonpath/json-path/2.7.0/json-path-2.7.0.jar:/home/mrashikh/.m2/repository/net/minidev/json-smart/2.4.8/json-smart-2.4.8.jar:/home/mrashikh/.m2/repository/net/minidev/accessors-smart/2.4.8/accessors-smart-2.4.8.jar:/home/mrashikh/.m2/repository/org/ow2/asm/asm/9.1/asm-9.1.jar:/home/mrashikh/.m2/repository/jakarta/xml/bind/jakarta.xml.bind-api/2.3.3/jakarta.xml.bind-api-2.3.3.jar:/home/mrashikh/.m2/repository/jakarta/activation/jakarta.activation-api/1.2.2/jakarta.activation-api-1.2.2.jar:/home/mrashikh/.m2/repository/org/assertj/assertj-core/3.22.0/assertj-core-3.22.0.jar:/home/mrashikh/.m2/repository/org/hamcrest/hamcrest/2.2/hamcrest-2.2.jar:/home/mrashikh/.m2/repository/org/junit/jupiter/junit-jupiter/5.8.2/junit-jupiter-5.8.2.jar:/home/mrashikh/.m2/repository/org/junit/jupiter/junit-jupiter-api/5.8.2/junit-jupiter-api-5.8.2.jar:/home/mrashikh/.m2/repository/org/opentest4j/opentest4j/1.2.0/opentest4j-1.2.0.jar:/home/mrashikh/.m2/repository/org/junit/platform/junit-platform-commons/1.8.2/junit-platform-commons-1.8.2.jar:/home/mrashikh/.m2/repository/org/apiguardian/apiguardian-api/1.1.2/apiguardian-api-1.1.2.jar:/home/mrashikh/.m2/repository/org/junit/jupiter/junit-jupiter-params/5.8.2/junit-jupiter-params-5.8.2.jar:/home/mrashikh/.m2/repository/org/junit/jupiter/junit-jupiter-engine/5.8.2/junit-jupiter-engine-5.8.2.jar:/home/mrashikh/.m2/repository/org/junit/platform/junit-platform-engine/1.8.2/junit-platform-engine-1.8.2.jar:/home/mrashikh/.m2/repository/org/mockito/mockito-core/4.5.1/mockito-core-4.5.1.jar:/home/mrashikh/.m2/repository/net/bytebuddy/byte-buddy/1.12.10/byte-buddy-1.12.10.jar:/home/mrashikh/.m2/repository/net/bytebuddy/byte-buddy-agent/1.12.10/byte-buddy-agent-1.12.10.jar:/home/mrashikh/.m2/repository/org/objenesis/objenesis/3.2/objenesis-3.2.jar:/home/mrashikh/.m2/repository/org/mockito/mockito-junit-jupiter/4.5.1/mockito-junit-jupiter-4.5.1.jar:/home/mrashikh/.m2/repository/org/skyscreamer/jsonassert/1.5.0/jsonassert-1.5.0.jar:/home/mrashikh/.m2/repository/com/vaadin/external/google/android-json/0.0.20131108.vaadin1/android-json-0.0.20131108.vaadin1.jar:/home/mrashikh/.m2/repository/org/springframework/spring-core/5.3.20/spring-core-5.3.20.jar:/home/mrashikh/.m2/repository/org/springframework/spring-jcl/5.3.20/spring-jcl-5.3.20.jar:/home/mrashikh/.m2/repository/org/springframework/spring-test/5.3.20/spring-test-5.3.20.jar:/home/mrashikh/.m2/repository/org/xmlunit/xmlunit-core/2.9.0/xmlunit-core-2.9.0.jar:/home/mrashikh/.m2/repository/io/admin-shell/aas/dataformat-core/1.2.1/dataformat-core-1.2.1.jar:/home/mrashikh/.m2/repository/io/admin-shell/aas/model/1.2.0/model-1.2.0.jar:/home/mrashikh/.m2/repository/com/mycila/license-maven-plugin/4.1/license-maven-plugin-4.1.jar:/home/mrashikh/.m2/repository/org/apache/maven/maven-plugin-api/3.6.3/maven-plugin-api-3.6.3.jar:/home/mrashikh/.m2/repository/org/apache/maven/maven-model/3.6.3/maven-model-3.6.3.jar:/home/mrashikh/.m2/repository/org/apache/maven/maven-artifact/3.6.3/maven-artifact-3.6.3.jar:/home/mrashikh/.m2/repository/org/eclipse/sisu/org.eclipse.sisu.plexus/0.3.4/org.eclipse.sisu.plexus-0.3.4.jar:/home/mrashikh/.m2/repository/javax/enterprise/cdi-api/1.0/cdi-api-1.0.jar:/home/mrashikh/.m2/repository/javax/annotation/jsr250-api/1.0/jsr250-api-1.0.jar:/home/mrashikh/.m2/repository/org/codehaus/plexus/plexus-utils/3.2.1/plexus-utils-3.2.1.jar:/home/mrashikh/.m2/repository/org/codehaus/plexus/plexus-classworlds/2.6.0/plexus-classworlds-2.6.0.jar:/home/mrashikh/.m2/repository/org/apache/maven/maven-core/3.6.3/maven-core-3.6.3.jar:/home/mrashikh/.m2/repository/org/apache/maven/maven-settings/3.6.3/maven-settings-3.6.3.jar:/home/mrashikh/.m2/repository/org/apache/maven/maven-settings-builder/3.6.3/maven-settings-builder-3.6.3.jar:/home/mrashikh/.m2/repository/org/codehaus/plexus/plexus-interpolation/1.25/plexus-interpolation-1.25.jar:/home/mrashikh/.m2/repository/org/sonatype/plexus/plexus-sec-dispatcher/1.4/plexus-sec-dispatcher-1.4.jar:/home/mrashikh/.m2/repository/org/sonatype/plexus/plexus-cipher/1.4/plexus-cipher-1.4.jar:/home/mrashikh/.m2/repository/org/apache/maven/maven-builder-support/3.6.3/maven-builder-support-3.6.3.jar:/home/mrashikh/.m2/repository/org/apache/maven/maven-repository-metadata/3.6.3/maven-repository-metadata-3.6.3.jar:/home/mrashikh/.m2/repository/org/apache/maven/maven-model-builder/3.6.3/maven-model-builder-3.6.3.jar:/home/mrashikh/.m2/repository/org/apache/maven/maven-resolver-provider/3.6.3/maven-resolver-provider-3.6.3.jar:/home/mrashikh/.m2/repository/org/apache/maven/resolver/maven-resolver-impl/1.4.1/maven-resolver-impl-1.4.1.jar:/home/mrashikh/.m2/repository/org/apache/maven/resolver/maven-resolver-api/1.4.1/maven-resolver-api-1.4.1.jar:/home/mrashikh/.m2/repository/org/apache/maven/resolver/maven-resolver-spi/1.4.1/maven-resolver-spi-1.4.1.jar:/home/mrashikh/.m2/repository/org/apache/maven/resolver/maven-resolver-util/1.4.1/maven-resolver-util-1.4.1.jar:/home/mrashikh/.m2/repository/org/eclipse/sisu/org.eclipse.sisu.inject/0.3.4/org.eclipse.sisu.inject-0.3.4.jar:/home/mrashikh/.m2/repository/com/google/inject/guice/4.2.1/guice-4.2.1-no_aop.jar:/home/mrashikh/.m2/repository/aopalliance/aopalliance/1.0/aopalliance-1.0.jar:/home/mrashikh/.m2/repository/javax/inject/javax.inject/1/javax.inject-1.jar:/home/mrashikh/.m2/repository/org/codehaus/plexus/plexus-component-annotations/2.1.0/plexus-component-annotations-2.1.0.jar:/home/mrashikh/.m2/repository/org/apache/maven/shared/maven-shared-utils/3.3.3/maven-shared-utils-3.3.3.jar:/home/mrashikh/.m2/repository/com/mycila/mycila-xmltool/4.4.ga/mycila-xmltool-4.4.ga.jar:/home/mrashikh/.m2/repository/org/apache/commons/commons-pool2/2.11.1/commons-pool2-2.11.1.jar:/home/mrashikh/.m2/repository/com/fasterxml/jackson/core/jackson-annotations/2.13.3/jackson-annotations-2.13.3.jar:/home/mrashikh/.m2/repository/com/fasterxml/jackson/core/jackson-databind/2.13.3/jackson-databind-2.13.3.jar:/home/mrashikh/.m2/repository/com/fasterxml/jackson/core/jackson-core/2.13.3/jackson-core-2.13.3.jar:/home/mrashikh/.m2/repository/io/github/classgraph/classgraph/4.8.109/classgraph-4.8.109.jar:/home/mrashikh/.m2/repository/com/google/guava/guava/30.1.1-jre/guava-30.1.1-jre.jar:/home/mrashikh/.m2/repository/com/google/guava/failureaccess/1.0.1/failureaccess-1.0.1.jar:/home/mrashikh/.m2/repository/com/google/guava/listenablefuture/9999.0-empty-to-avoid-conflict-with-guava/listenablefuture-9999.0-empty-to-avoid-conflict-with-guava.jar:/home/mrashikh/.m2/repository/com/google/code/findbugs/jsr305/3.0.2/jsr305-3.0.2.jar:/home/mrashikh/.m2/repository/org/checkerframework/checker-qual/3.8.0/checker-qual-3.8.0.jar:/home/mrashikh/.m2/repository/com/google/errorprone/error_prone_annotations/2.5.1/error_prone_annotations-2.5.1.jar:/home/mrashikh/.m2/repository/com/google/j2objc/j2objc-annotations/1.3/j2objc-annotations-1.3.jar:/home/mrashikh/.m2/repository/org/apache/commons/commons-lang3/3.12.0/commons-lang3-3.12.0.jar:/home/mrashikh/.m2/repository/org/slf4j/slf4j-api/1.7.36/slf4j-api-1.7.36.jar:/home/mrashikh/.m2/repository/org/slf4j/slf4j-simple/1.7.36/slf4j-simple-1.7.36.jar:/home/mrashikh/.m2/repository/io/admin-shell/aas/dataformat-json/1.2.1/dataformat-json-1.2.1.jar:/home/mrashikh/.m2/repository/com/networknt/json-schema-validator/1.0.56/json-schema-validator-1.0.56.jar:/home/mrashikh/.m2/repository/io/admin-shell/aas/dataformat-rdf/1.2.1/dataformat-rdf-1.2.1.jar:/home/mrashikh/.m2/repository/org/apache/jena/jena-arq/4.1.0/jena-arq-4.1.0.jar:/home/mrashikh/.m2/repository/org/apache/jena/jena-core/4.1.0/jena-core-4.1.0.jar:/home/mrashikh/.m2/repository/org/apache/jena/jena-base/4.1.0/jena-base-4.1.0.jar:/home/mrashikh/.m2/repository/org/apache/jena/jena-shaded-guava/4.1.0/jena-shaded-guava-4.1.0.jar:/home/mrashikh/.m2/repository/org/apache/commons/commons-csv/1.8/commons-csv-1.8.jar:/home/mrashikh/.m2/repository/com/github/andrewoma/dexx/collection/0.7/collection-0.7.jar:/home/mrashikh/.m2/repository/org/apache/jena/jena-iri/4.1.0/jena-iri-4.1.0.jar:/home/mrashikh/.m2/repository/commons-cli/commons-cli/1.4/commons-cli-1.4.jar:/home/mrashikh/.m2/repository/org/apache/httpcomponents/httpclient/4.5.13/httpclient-4.5.13.jar:/home/mrashikh/.m2/repository/org/apache/httpcomponents/httpcore/4.4.15/httpcore-4.4.15.jar:/home/mrashikh/.m2/repository/com/github/jsonld-java/jsonld-java/0.13.3/jsonld-java-0.13.3.jar:/home/mrashikh/.m2/repository/org/apache/httpcomponents/httpclient-cache/4.5.13/httpclient-cache-4.5.13.jar:/home/mrashikh/.m2/repository/org/apache/thrift/libthrift/0.14.1/libthrift-0.14.1.jar:/home/mrashikh/.m2/repository/javax/annotation/javax.annotation-api/1.3.2/javax.annotation-api-1.3.2.jar:/home/mrashikh/.m2/repository/org/slf4j/jcl-over-slf4j/1.7.36/jcl-over-slf4j-1.7.36.jar:/home/mrashikh/.m2/repository/io/admin-shell/aas/dataformat-aasx/1.2.1/dataformat-aasx-1.2.1.jar:/home/mrashikh/.m2/repository/io/admin-shell/aas/dataformat-xml/1.2.1/dataformat-xml-1.2.1.jar:/home/mrashikh/.m2/repository/com/fasterxml/jackson/dataformat/jackson-dataformat-xml/2.13.3/jackson-dataformat-xml-2.13.3.jar:/home/mrashikh/.m2/repository/org/codehaus/woodstox/stax2-api/4.2.1/stax2-api-4.2.1.jar:/home/mrashikh/.m2/repository/com/fasterxml/woodstox/woodstox-core/6.2.7/woodstox-core-6.2.7.jar:/home/mrashikh/.m2/repository/org/apache/poi/poi-ooxml/4.1.2/poi-ooxml-4.1.2.jar:/home/mrashikh/.m2/repository/org/apache/poi/poi/4.1.2/poi-4.1.2.jar:/home/mrashikh/.m2/repository/commons-codec/commons-codec/1.15/commons-codec-1.15.jar:/home/mrashikh/.m2/repository/org/apache/commons/commons-collections4/4.4/commons-collections4-4.4.jar:/home/mrashikh/.m2/repository/org/apache/commons/commons-math3/3.6.1/commons-math3-3.6.1.jar:/home/mrashikh/.m2/repository/com/zaxxer/SparseBitSet/1.2/SparseBitSet-1.2.jar:/home/mrashikh/.m2/repository/org/apache/poi/poi-ooxml-schemas/4.1.2/poi-ooxml-schemas-4.1.2.jar:/home/mrashikh/.m2/repository/org/apache/xmlbeans/xmlbeans/3.1.0/xmlbeans-3.1.0.jar:/home/mrashikh/.m2/repository/org/apache/commons/commons-compress/1.19/commons-compress-1.19.jar:/home/mrashikh/.m2/repository/com/github/virtuald/curvesapi/1.06/curvesapi-1.06.jar:/home/mrashikh/.m2/repository/commons-io/commons-io/2.6/commons-io-2.6.jar:"/>
    <property name="sun.cpu.endian" value="little"/>
    <property name="user.home" value="/home/mrashikh"/>
    <property name="user.language" value="en"/>
    <property name="java.specification.vendor" value="Oracle Corporation"/>
    <property name="java.version.date" value="2022-04-19"/>
    <property name="java.home" value="/usr/lib/jvm/java-11-openjdk-amd64"/>
    <property name="file.separator" value="/"/>
    <property name="basedir" value="/home/mrashikh/Workspace/java-serializer-service"/>
    <property name="java.vm.compressedOopsMode" value="Zero based"/>
    <property name="line.separator" value="&#10;"/>
    <property name="java.specification.name" value="Java Platform API Specification"/>
    <property name="java.vm.specification.vendor" value="Oracle Corporation"/>
    <property name="java.awt.graphicsenv" value="sun.awt.X11GraphicsEnvironment"/>
    <property name="surefire.real.class.path" value="/home/mrashikh/Workspace/java-serializer-service/target/surefire/surefirebooter12621220508559998955.jar"/>
    <property name="sun.management.compiler" value="HotSpot 64-Bit Tiered Compilers"/>
    <property name="java.runtime.version" value="11.0.15+10-Ubuntu-0ubuntu0.20.04.1"/>
    <property name="user.name" value="mrashikh"/>
    <property name="path.separator" value=":"/>
    <property name="os.version" value="5.13.0-51-generic"/>
    <property name="java.runtime.name" value="OpenJDK Runtime Environment"/>
    <property name="file.encoding" value="UTF-8"/>
    <property name="java.vm.name" value="OpenJDK 64-Bit Server VM"/>
    <property name="localRepository" value="/home/mrashikh/.m2/repository"/>
    <property name="java.vendor.url.bug" value="Unknown"/>
    <property name="java.io.tmpdir" value="/tmp"/>
    <property name="java.version" value="11.0.15"/>
    <property name="user.dir" value="/home/mrashikh/Workspace/java-serializer-service"/>
    <property name="os.arch" value="amd64"/>
    <property name="java.vm.specification.name" value="Java Virtual Machine Specification"/>
    <property name="java.awt.printerjob" value="sun.print.PSPrinterJob"/>
    <property name="sun.os.patch.level" value="unknown"/>
    <property name="java.library.path" value="/usr/java/packages/lib:/usr/lib/x86_64-linux-gnu/jni:/lib/x86_64-linux-gnu:/usr/lib/x86_64-linux-gnu:/usr/lib/jni:/lib:/usr/lib"/>
    <property name="java.vm.info" value="mixed mode, sharing"/>
    <property name="java.vendor" value="Private Build"/>
    <property name="java.vm.version" value="11.0.15+10-Ubuntu-0ubuntu0.20.04.1"/>
    <property name="sun.io.unicode.encoding" value="UnicodeLittle"/>
    <property name="java.class.version" value="55.0"/>
  </properties>
  <testcase name="contextLoads" classname="com.service.javaserializerservice.JavaGeneratorServiceApplicationTests" time="0.41"/>
</testsuite>